<?xml version="1.0" encoding="UTF-8"?>
<!-- Generated by org.testng.reporters.JUnitReportReporter -->
<testsuite skipped="0" hostname="DESKTOP-A60CPS8" name="com.dollardays.testcases.LoginTestcase" tests="2" failures="0" timestamp="2020-09-14T19:59:05 EDT" time="37.368" errors="0">
  <testcase name="invokeLogin" time="22.251" classname="com.dollardays.testcases.LoginTestcase"/>
  <system-out/>
  <testcase name="invokeLogin1" time="15.117" classname="com.dollardays.testcases.LoginTestcase"/>
  <system-out/>
</testsuite> <!-- com.dollardays.testcases.LoginTestcase -->
