<?xml version="1.0" encoding="UTF-8"?>
<!-- Generated by org.testng.reporters.JUnitReportReporter -->
<testsuite skipped="0" hostname="DESKTOP-A60CPS8" name="com.dollardays.testcases.AddToCartTestcase" tests="7" failures="0" timestamp="2020-09-14T22:04:16 EDT" time="239.236" errors="0">
  <testcase name="TC_05_validate_no_of_cases_textbox_with_boundary_value" time="28.953" classname="com.dollardays.testcases.AddToCartTestcase"/>
  <system-out/>
  <testcase name="TC_08_validate_no_of_cases_textbox_with_zero" time="34.932" classname="com.dollardays.testcases.AddToCartTestcase"/>
  <system-out/>
  <testcase name="TC_04_validate_clear_items_from_the_cart_from_shopping_cart_page" time="29.703" classname="com.dollardays.testcases.AddToCartTestcase"/>
  <system-out/>
  <testcase name="TC_01_add_one_items_to_cart_2" time="32.125" classname="com.dollardays.testcases.AddToCartTestcase"/>
  <system-out/>
  <testcase name="TC_02_add_one_item_to_cart" time="28.400" classname="com.dollardays.testcases.AddToCartTestcase"/>
  <system-out/>
  <testcase name="TC_03_validate_no_of_cases_textbox_with_valid_data" time="39.680" classname="com.dollardays.testcases.AddToCartTestcase"/>
  <system-out/>
  <testcase name="TC_07_validate_clear_items_from_the_cart_from_shopping_cart_page" time="45.443" classname="com.dollardays.testcases.AddToCartTestcase"/>
  <system-out/>
</testsuite> <!-- com.dollardays.testcases.AddToCartTestcase -->
